app/build/intermediates/manifest_merge_blame_file/debug/manifest-merger-blame-debug-report.txt
1<?xml version="1.0" encoding="utf-8"?>
2<manifest xmlns:android="http://schemas.android.com/apk/res/android"
3    package="com.example.myapplication"
4    android:versionCode="1"
5    android:versionName="1.0" >
6
7    <uses-sdk
8        android:minSdkVersion="24"
8-->src/main/AndroidManifest.xml
9        android:targetSdkVersion="30" />
9-->src/main/AndroidManifest.xml
10
11    <application
11-->src/main/AndroidManifest.xml:5:5-26:19
12        android:allowBackup="true"
12-->src/main/AndroidManifest.xml:6:9-35
13        android:appComponentFactory="androidx.core.app.CoreComponentFactory"
13-->[androidx.core:core:1.3.1] AndroidManifest.xml:24:18-86
14        android:debuggable="true"
15        android:extractNativeLibs="false"
16        android:icon="@mipmap/ic_launcher"
16-->src/main/AndroidManifest.xml:7:9-43
17        android:label="@string/app_name"
17-->src/main/AndroidManifest.xml:8:9-41
18        android:roundIcon="@mipmap/ic_launcher_round"
18-->src/main/AndroidManifest.xml:9:9-54
19        android:supportsRtl="true"
19-->src/main/AndroidManifest.xml:10:9-35
20        android:testOnly="true"
21        android:theme="@style/Theme.MyApplication" >
21-->src/main/AndroidManifest.xml:11:9-51
22        <activity
22-->src/main/AndroidManifest.xml:12:9-21:20
23            android:name="com.example.myapplication.MainActivity"
23-->src/main/AndroidManifest.xml:13:13-41
24            android:label="@string/app_name"
24-->src/main/AndroidManifest.xml:14:13-45
25            android:theme="@style/Theme.MyApplication.NoActionBar" >
25-->src/main/AndroidManifest.xml:15:13-67
26            <intent-filter>
26-->src/main/AndroidManifest.xml:16:13-20:29
27                <action android:name="android.intent.action.MAIN" />
27-->src/main/AndroidManifest.xml:17:17-69
27-->src/main/AndroidManifest.xml:17:25-66
28
29                <category android:name="android.intent.category.LAUNCHER" />
29-->src/main/AndroidManifest.xml:19:17-77
29-->src/main/AndroidManifest.xml:19:27-74
30            </intent-filter>
31        </activity>
32        <activity android:name="com.example.myapplication.ui.main.LockScreen" />
32-->src/main/AndroidManifest.xml:22:9-65
32-->src/main/AndroidManifest.xml:22:19-53
33        <activity android:name="com.example.myapplication.item.ItemInventory" />
33-->src/main/AndroidManifest.xml:23:9-65
33-->src/main/AndroidManifest.xml:23:19-53
34        <activity android:name="com.example.myapplication.item.GiftActivity" />
34-->src/main/AndroidManifest.xml:24:9-64
34-->src/main/AndroidManifest.xml:24:19-52
35
36        <service
36-->[androidx.room:room-runtime:2.2.6] AndroidManifest.xml:25:9-28:40
37            android:name="androidx.room.MultiInstanceInvalidationService"
37-->[androidx.room:room-runtime:2.2.6] AndroidManifest.xml:26:13-74
38            android:directBootAware="true"
38-->[androidx.room:room-runtime:2.2.6] AndroidManifest.xml:27:13-43
39            android:exported="false" />
39-->[androidx.room:room-runtime:2.2.6] AndroidManifest.xml:28:13-37
40    </application>
41
42</manifest>